#
# There is insufficient memory for the Java Runtime Environment to continue.
# Native memory allocation (malloc) failed to allocate 32744 bytes for ChunkPool::allocate
# Possible reasons:
#   The system is out of physical RAM or swap space
#   The process is running with CompressedOops enabled, and the Java Heap may be blocking the growth of the native heap
# Possible solutions:
#   Reduce memory load on the system
#   Increase physical memory or swap space
#   Check if swap backing store is full
#   Decrease Java heap size (-Xmx/-Xms)
#   Decrease number of Java threads
#   Decrease Java thread stack sizes (-Xss)
#   Set larger code cache with -XX:ReservedCodeCacheSize=
#   JVM is running with Zero Based Compressed Oops mode in which the Java heap is
#     placed in the first 32GB address space. The Java Heap base address is the
#     maximum limit for the native heap growth. Please use -XX:HeapBaseMinAddress
#     to set the Java Heap base and to place the Java Heap above 32GB virtual address.
# This output file may be truncated or incomplete.
#
#  Out of Memory Error (t:/workspace/hotspot/src/share/vm/memory/allocation.cpp:256), pid=34992, tid=44724
#
# JRE version: Java(TM) SE Runtime Environment (9.0+11) (build 9.0.4+11)
# Java VM: Java HotSpot(TM) 64-Bit Server VM (9.0.4+11, mixed mode, tiered, compressed oops, g1 gc, windows-amd64)
# No core dump will be written. Minidumps are not enabled by default on client versions of Windows
#

---------------  S U M M A R Y ------------

Command Line: -javaagent:D:\IntelliJ IDEA 2021.3.3\lib\idea_rt.jar=63057:D:\IntelliJ IDEA 2021.3.3\bin -Dfile.encoding=UTF-8 Main

Host: 11th Gen Intel(R) Core(TM) i7-11800H @ 2.30GHz, 16 cores, 15G,  Windows 10 , 64 bit Build 19041 (10.0.19041.1645)
Time: Wed May 04 22:26:24 2022 Jerusalem Summer Time elapsed time: 69 seconds (0d 0h 1m 9s)

---------------  T H R E A D  ---------------

Current thread (0x000001f54d2b3800):  JavaThread "C1 CompilerThread10" daemon [_thread_in_native, id=44724, stack(0x00000079c1300000,0x00000079c1400000)]


Current CompileTask:
C1:  69885  777  s    3       java.lang.Throwable::fillInStackTrace (29 bytes)

Stack: [0x00000079c1300000,0x00000079c1400000]
Native frames: (J=compiled Java code, j=interpreted, Vv=VM code, C=native code)
V  [jvm.dll+0x587068]

[error occurred during error reporting (printing native stack), id 0xe0000001]


---------------  P R O C E S S  ---------------

Java Threads: ( => current thread )
  0x000001f54d49d800 JavaThread "Service Thread" daemon [_thread_blocked, id=43468, stack(0x00000079c1800000,0x00000079c1900000)]
  0x000001f54d492800 JavaThread "Monitor Ctrl-Break" daemon [_thread_in_native, id=33080, stack(0x00000079c1700000,0x00000079c1800000)]
  0x000001f54d366000 JavaThread "Common-Cleaner" daemon [_thread_blocked, id=30608, stack(0x00000079c1600000,0x00000079c1700000)]
  0x000001f54d300000 JavaThread "Sweeper thread" daemon [_thread_blocked, id=14060, stack(0x00000079c1500000,0x00000079c1600000)]
  0x000001f54d2b2000 JavaThread "C1 CompilerThread11" daemon [_thread_in_vm, id=30984, stack(0x00000079c1400000,0x00000079c1500000)]
=>0x000001f54d2b3800 JavaThread "C1 CompilerThread10" daemon [_thread_in_native, id=44724, stack(0x00000079c1300000,0x00000079c1400000)]
  0x000001f54d285800 JavaThread "C1 CompilerThread9" daemon [_thread_in_native, id=22324, stack(0x00000079c1200000,0x00000079c1300000)]
  0x000001f54d273800 JavaThread "C1 CompilerThread8" daemon [_thread_in_native, id=47540, stack(0x00000079c1100000,0x00000079c1200000)]
  0x000001f54d26b000 JavaThread "C2 CompilerThread7" daemon [_thread_blocked, id=33044, stack(0x00000079c1000000,0x00000079c1100000)]
  0x000001f54d25e000 JavaThread "C2 CompilerThread6" daemon [_thread_blocked, id=14648, stack(0x00000079c0f00000,0x00000079c1000000)]
  0x000001f54d25d800 JavaThread "C2 CompilerThread5" daemon [_thread_blocked, id=39072, stack(0x00000079c0e00000,0x00000079c0f00000)]
  0x000001f54d252800 JavaThread "C2 CompilerThread4" daemon [_thread_blocked, id=14664, stack(0x00000079c0d00000,0x00000079c0e00000)]
  0x000001f54d24e800 JavaThread "C2 CompilerThread3" daemon [_thread_blocked, id=44564, stack(0x00000079c0c00000,0x00000079c0d00000)]
  0x000001f54d24e000 JavaThread "C2 CompilerThread2" daemon [_thread_blocked, id=37440, stack(0x00000079c0b00000,0x00000079c0c00000)]
  0x000001f54d245000 JavaThread "C2 CompilerThread1" daemon [_thread_blocked, id=41876, stack(0x00000079c0a00000,0x00000079c0b00000)]
  0x000001f54c9ce000 JavaThread "C2 CompilerThread0" daemon [_thread_blocked, id=35112, stack(0x00000079c0900000,0x00000079c0a00000)]
  0x000001f54d244000 JavaThread "Attach Listener" daemon [_thread_blocked, id=40188, stack(0x00000079c0800000,0x00000079c0900000)]
  0x000001f54d243800 JavaThread "Signal Dispatcher" daemon [_thread_blocked, id=45088, stack(0x00000079c0700000,0x00000079c0800000)]
  0x000001f54c9b9800 JavaThread "Finalizer" daemon [_thread_blocked, id=45492, stack(0x00000079c0600000,0x00000079c0700000)]
  0x000001f54c9b8800 JavaThread "Reference Handler" daemon [_thread_blocked, id=44432, stack(0x00000079c0500000,0x00000079c0600000)]
  0x000001f5238f2000 JavaThread "main" [_thread_in_native, id=37436, stack(0x00000079be400000,0x00000079be500000)]

Other Threads:
  0x000001f54c9b6000 VMThread "VM Thread" [stack: 0x00000079c0400000,0x00000079c0500000] [id=30416]
  0x000001f54d4a2800 WatcherThread [stack: 0x00000079c1900000,0x00000079c1a00000] [id=45860]
  0x000001f523908800 GCTaskThread "GC Thread#0" [stack: 0x00000079be500000,0x00000079be600000] [id=30112]
  0x000001f52390b800 GCTaskThread "GC Thread#1" [stack: 0x00000079be600000,0x00000079be700000] [id=43688]
  0x000001f52390e000 GCTaskThread "GC Thread#2" [stack: 0x00000079be700000,0x00000079be800000] [id=47784]
  0x000001f52390f000 GCTaskThread "GC Thread#3" [stack: 0x00000079be800000,0x00000079be900000] [id=46276]
  0x000001f523911800 GCTaskThread "GC Thread#4" [stack: 0x00000079be900000,0x00000079bea00000] [id=28188]
  0x000001f523919000 GCTaskThread "GC Thread#5" [stack: 0x00000079bea00000,0x00000079beb00000] [id=46356]
  0x000001f52391a800 GCTaskThread "GC Thread#6" [stack: 0x00000079beb00000,0x00000079bec00000] [id=33316]
  0x000001f523923000 GCTaskThread "GC Thread#7" [stack: 0x00000079bec00000,0x00000079bed00000] [id=45128]
  0x000001f523923800 GCTaskThread "GC Thread#8" [stack: 0x00000079bed00000,0x00000079bee00000] [id=44880]
  0x000001f523927000 GCTaskThread "GC Thread#9" [stack: 0x00000079bee00000,0x00000079bef00000] [id=21824]
  0x000001f523928000 GCTaskThread "GC Thread#10" [stack: 0x00000079bef00000,0x00000079bf000000] [id=26716]
  0x000001f523926800 GCTaskThread "GC Thread#11" [stack: 0x00000079bf000000,0x00000079bf100000] [id=31820]
  0x000001f523924000 GCTaskThread "GC Thread#12" [stack: 0x00000079bf100000,0x00000079bf200000] [id=38176]
  0x000001f549888800 ConcurrentGCThread "G1 Main Marker" [stack: 0x00000079c0000000,0x00000079c0100000] [id=30304]
  0x000001f523925800 ConcurrentGCThread "G1 Marker#0" [stack: 0x00000079c0100000,0x00000079c0200000] [id=18560]
  0x000001f523926000 ConcurrentGCThread "G1 Marker#1" [stack: 0x00000079c0200000,0x00000079c0300000] [id=44944]
  0x000001f523921800 ConcurrentGCThread "G1 Marker#2" [stack: 0x00000079c0300000,0x00000079c0400000] [id=33368]
  0x000001f523959800 ConcurrentGCThread "G1 Refine#0" [stack: 0x00000079bfe00000,0x00000079bff00000] [id=34104]
  0x000001f52395f000 ConcurrentGCThread "G1 Refine#1" [stack: 0x00000079bfd00000,0x00000079bfe00000] [id=18184]
  0x000001f52395c800 ConcurrentGCThread "G1 Refine#2" [stack: 0x00000079bfc00000,0x00000079bfd00000] [id=47844]
  0x000001f52395a800 ConcurrentGCThread "G1 Refine#3" [stack: 0x00000079bfb00000,0x00000079bfc00000] [id=13164]
  0x000001f523958000 ConcurrentGCThread "G1 Refine#4" [stack: 0x00000079bfa00000,0x00000079bfb00000] [id=47208]
  0x000001f52395b000 ConcurrentGCThread "G1 Refine#5" [stack: 0x00000079bf900000,0x00000079bfa00000] [id=46036]
  0x000001f523957800 ConcurrentGCThread "G1 Refine#6" [stack: 0x00000079bf800000,0x00000079bf900000] [id=24800]
  0x000001f523955800 ConcurrentGCThread "G1 Refine#7" [stack: 0x00000079bf700000,0x00000079bf800000] [id=45680]
  0x000001f523953000 ConcurrentGCThread "G1 Refine#8" [stack: 0x00000079bf600000,0x00000079bf700000] [id=31556]
  0x000001f523952000 ConcurrentGCThread "G1 Refine#9" [stack: 0x00000079bf500000,0x00000079bf600000] [id=22244]
  0x000001f523951800 ConcurrentGCThread "G1 Refine#10" [stack: 0x00000079bf400000,0x00000079bf500000] [id=28692]
  0x000001f52394f000 ConcurrentGCThread "G1 Refine#11" [stack: 0x00000079bf300000,0x00000079bf400000] [id=31144]
  0x000001f52394e800 ConcurrentGCThread "G1 Refine#12" [stack: 0x00000079bf200000,0x00000079bf300000] [id=43976]
  0x000001f523967000 ConcurrentGCThread "G1 Young RemSet Sampling" [stack: 0x00000079bff00000,0x00000079c0000000] [id=4584]

Threads with active compile tasks:
C1 CompilerThread11 779       3       java.lang.Exception::<init> (6 bytes)
C1 CompilerThread10 777  s    3       java.lang.Throwable::fillInStackTrace (29 bytes)
C1 CompilerThread9 780       3       java.io.IOException::<init> (6 bytes)
C1 CompilerThread8 776       3       java.lang.Throwable::<init> (34 bytes)

VM state:not at safepoint (normal execution)

VM Mutex/Monitor currently owned by a thread: None

Heap address: 0x00000006c3a00000, size: 4038 MB, Compressed Oops mode: Zero based, Oop shift amount: 3
Narrow klass base: 0x0000000000000000, Narrow klass shift: 3
Compressed class space size: 1073741824 Address: 0x00000007c0000000

Heap:
 garbage-first heap   total 260096K, used 95171K [0x00000006c3a00000, 0x00000006c3b007f0, 0x00000007c0000000)
  region size 1024K, 93 young (95232K), 1 survivors (1024K)
 Metaspace       used 8111K, capacity 8496K, committed 8576K, reserved 1056768K
  class space    used 740K, capacity 820K, committed 896K, reserved 1048576K
Heap Regions: E=young(eden), S=young(survivor), O=old, HS=humongous(starts), HC=humongous(continues), CS=collection set, F=free, A=archive, TS=gc time stamp, AC=allocation context, TAMS=top-at-mark-start (previous, next)
|   0|0x00000006c3a00000, 0x00000006c3b00000, 0x00000006c3b00000|100%| O|  |TS 31|AC  0|TAMS 0x00000006c3a00000, 0x00000006c3a00000|
|   1|0x00000006c3b00000, 0x00000006c3bee400, 0x00000006c3c00000| 93%| O|  |TS 33|AC  0|TAMS 0x00000006c3b00000, 0x00000006c3b00000|
|   2|0x00000006c3c00000, 0x00000006c3c00000, 0x00000006c3d00000|  0%| F|  |TS  0|AC  0|TAMS 0x00000006c3c00000, 0x00000006c3c00000|
|   3|0x00000006c3d00000, 0x00000006c3d00000, 0x00000006c3e00000|  0%| F|  |TS  0|AC  0|TAMS 0x00000006c3d00000, 0x00000006c3d00000|
|   4|0x00000006c3e00000, 0x00000006c3e00000, 0x00000006c3f00000|  0%| F|  |TS  0|AC  0|TAMS 0x00000006c3e00000, 0x00000006c3e00000|
|   5|0x00000006c3f00000, 0x00000006c3f00000, 0x00000006c4000000|  0%| F|  |TS  0|AC  0|TAMS 0x00000006c3f00000, 0x00000006c3f00000|
|   6|0x00000006c4000000, 0x00000006c4000000, 0x00000006c4100000|  0%| F|  |TS  0|AC  0|TAMS 0x00000006c4000000, 0x00000006c4000000|
|   7|0x00000006c4100000, 0x00000006c4100000, 0x00000006c4200000|  0%| F|  |TS  0|AC  0|TAMS 0x00000006c4100000, 0x00000006c4100000|
|   8|0x00000006c4200000, 0x00000006c4200000, 0x00000006c4300000|  0%| F|  |TS  0|AC  0|TAMS 0x00000006c4200000, 0x00000006c4200000|
|   9|0x00000006c4300000, 0x00000006c4300000, 0x00000006c4400000|  0%| F|  |TS  0|AC  0|TAMS 0x00000006c4300000, 0x00000006c4300000|
|  10|0x00000006c4400000, 0x00000006c4400000, 0x00000006c4500000|  0%| F|  |TS  0|AC  0|TAMS 0x00000006c4400000, 0x00000006c4400000|
|  11|0x00000006c4500000, 0x00000006c4500000, 0x00000006c4600000|  0%| F|  |TS  0|AC  0|TAMS 0x00000006c4500000, 0x00000006c4500000|
|  12|0x00000006c4600000, 0x00000006c4600000, 0x00000006c4700000|  0%| F|  |TS  0|AC  0|TAMS 0x00000006c4600000, 0x00000006c4600000|
|  13|0x00000006c4700000, 0x00000006c4700000, 0x00000006c4800000|  0%| F|  |TS  0|AC  0|TAMS 0x00000006c4700000, 0x00000006c4700000|
|  14|0x00000006c4800000, 0x00000006c4800000, 0x00000006c4900000|  0%| F|  |TS  0|AC  0|TAMS 0x00000006c4800000, 0x00000006c4800000|
|  15|0x00000006c4900000, 0x00000006c4900000, 0x00000006c4a00000|  0%| F|  |TS  0|AC  0|TAMS 0x00000006c4900000, 0x00000006c4900000|
|  16|0x00000006c4a00000, 0x00000006c4a00000, 0x00000006c4b00000|  0%| F|  |TS  0|AC  0|TAMS 0x00000006c4a00000, 0x00000006c4a00000|
|  17|0x00000006c4b00000, 0x00000006c4b00000, 0x00000006c4c00000|  0%| F|  |TS  0|AC  0|TAMS 0x00000006c4b00000, 0x00000006c4b00000|
|  18|0x00000006c4c00000, 0x00000006c4c00000, 0x00000006c4d00000|  0%| F|  |TS  0|AC  0|TAMS 0x00000006c4c00000, 0x00000006c4c00000|
|  19|0x00000006c4d00000, 0x00000006c4d00000, 0x00000006c4e00000|  0%| F|  |TS  0|AC  0|TAMS 0x00000006c4d00000, 0x00000006c4d00000|
|  20|0x00000006c4e00000, 0x00000006c4e00000, 0x00000006c4f00000|  0%| F|  |TS  0|AC  0|TAMS 0x00000006c4e00000, 0x00000006c4e00000|
|  21|0x00000006c4f00000, 0x00000006c4f00000, 0x00000006c5000000|  0%| F|  |TS  0|AC  0|TAMS 0x00000006c4f00000, 0x00000006c4f00000|
|  22|0x00000006c5000000, 0x00000006c5000000, 0x00000006c5100000|  0%| F|  |TS  0|AC  0|TAMS 0x00000006c5000000, 0x00000006c5000000|
|  23|0x00000006c5100000, 0x00000006c5100000, 0x00000006c5200000|  0%| F|  |TS  0|AC  0|TAMS 0x00000006c5100000, 0x00000006c5100000|
|  24|0x00000006c5200000, 0x00000006c5200000, 0x00000006c5300000|  0%| F|  |TS  0|AC  0|TAMS 0x00000006c5200000, 0x00000006c5200000|
|  25|0x00000006c5300000, 0x00000006c5300000, 0x00000006c5400000|  0%| F|  |TS  0|AC  0|TAMS 0x00000006c5300000, 0x00000006c5300000|
|  26|0x00000006c5400000, 0x00000006c5400000, 0x00000006c5500000|  0%| F|  |TS  0|AC  0|TAMS 0x00000006c5400000, 0x00000006c5400000|
|  27|0x00000006c5500000, 0x00000006c5500000, 0x00000006c5600000|  0%| F|  |TS  0|AC  0|TAMS 0x00000006c5500000, 0x00000006c5500000|
|  28|0x00000006c5600000, 0x00000006c5600000, 0x00000006c5700000|  0%| F|  |TS  0|AC  0|TAMS 0x00000006c5600000, 0x00000006c5600000|
|  29|0x00000006c5700000, 0x00000006c5700000, 0x00000006c5800000|  0%| F|  |TS  0|AC  0|TAMS 0x00000006c5700000, 0x00000006c5700000|
|  30|0x00000006c5800000, 0x00000006c5800000, 0x00000006c5900000|  0%| F|  |TS  0|AC  0|TAMS 0x00000006c5800000, 0x00000006c5800000|
|  31|0x00000006c5900000, 0x00000006c5900000, 0x00000006c5a00000|  0%| F|  |TS  0|AC  0|TAMS 0x00000006c5900000, 0x00000006c5900000|
|  32|0x00000006c5a00000, 0x00000006c5a00000, 0x00000006c5b00000|  0%| F|  |TS  0|AC  0|TAMS 0x00000006c5a00000, 0x00000006c5a00000|
|  33|0x00000006c5b00000, 0x00000006c5b00000, 0x00000006c5c00000|  0%| F|  |TS  0|AC  0|TAMS 0x00000006c5b00000, 0x00000006c5b00000|
|  34|0x00000006c5c00000, 0x00000006c5c00000, 0x00000006c5d00000|  0%| F|  |TS  0|AC  0|TAMS 0x00000006c5c00000, 0x00000006c5c00000|
|  35|0x00000006c5d00000, 0x00000006c5d00000, 0x00000006c5e00000|  0%| F|  |TS  0|AC  0|TAMS 0x00000006c5d00000, 0x00000006c5d00000|
|  36|0x00000006c5e00000, 0x00000006c5e00000, 0x00000006c5f00000|  0%| F|  |TS  0|AC  0|TAMS 0x00000006c5e00000, 0x00000006c5e00000|
|  37|0x00000006c5f00000, 0x00000006c5f00000, 0x00000006c6000000|  0%| F|  |TS  0|AC  0|TAMS 0x00000006c5f00000, 0x00000006c5f00000|
|  38|0x00000006c6000000, 0x00000006c6000000, 0x00000006c6100000|  0%| F|  |TS  0|AC  0|TAMS 0x00000006c6000000, 0x00000006c6000000|
|  39|0x00000006c6100000, 0x00000006c6100000, 0x00000006c6200000|  0%| F|  |TS  0|AC  0|TAMS 0x00000006c6100000, 0x00000006c6100000|
|  40|0x00000006c6200000, 0x00000006c6200000, 0x00000006c6300000|  0%| F|  |TS  0|AC  0|TAMS 0x00000006c6200000, 0x00000006c6200000|
|  41|0x00000006c6300000, 0x00000006c6300000, 0x00000006c6400000|  0%| F|  |TS  0|AC  0|TAMS 0x00000006c6300000, 0x00000006c6300000|
|  42|0x00000006c6400000, 0x00000006c6400000, 0x00000006c6500000|  0%| F|  |TS  0|AC  0|TAMS 0x00000006c6400000, 0x00000006c6400000|
|  43|0x00000006c6500000, 0x00000006c6500000, 0x00000006c6600000|  0%| F|  |TS  0|AC  0|TAMS 0x00000006c6500000, 0x00000006c6500000|
|  44|0x00000006c6600000, 0x00000006c6600000, 0x00000006c6700000|  0%| F|  |TS  0|AC  0|TAMS 0x00000006c6600000, 0x00000006c6600000|
|  45|0x00000006c6700000, 0x00000006c6700000, 0x00000006c6800000|  0%| F|  |TS  0|AC  0|TAMS 0x00000006c6700000, 0x00000006c6700000|
|  46|0x00000006c6800000, 0x00000006c6800000, 0x00000006c6900000|  0%| F|  |TS  0|AC  0|TAMS 0x00000006c6800000, 0x00000006c6800000|
|  47|0x00000006c6900000, 0x00000006c6900000, 0x00000006c6a00000|  0%| F|  |TS  0|AC  0|TAMS 0x00000006c6900000, 0x00000006c6900000|
|  48|0x00000006c6a00000, 0x00000006c6a00000, 0x00000006c6b00000|  0%| F|  |TS  0|AC  0|TAMS 0x00000006c6a00000, 0x00000006c6a00000|
|  49|0x00000006c6b00000, 0x00000006c6b00000, 0x00000006c6c00000|  0%| F|  |TS  0|AC  0|TAMS 0x00000006c6b00000, 0x00000006c6b00000|
|  50|0x00000006c6c00000, 0x00000006c6c00000, 0x00000006c6d00000|  0%| F|  |TS  0|AC  0|TAMS 0x00000006c6c00000, 0x00000006c6c00000|
|  51|0x00000006c6d00000, 0x00000006c6d00000, 0x00000006c6e00000|  0%| F|  |TS  0|AC  0|TAMS 0x00000006c6d00000, 0x00000006c6d00000|
|  52|0x00000006c6e00000, 0x00000006c6e00000, 0x00000006c6f00000|  0%| F|  |TS  0|AC  0|TAMS 0x00000006c6e00000, 0x00000006c6e00000|
|  53|0x00000006c6f00000, 0x00000006c6f00000, 0x00000006c7000000|  0%| F|  |TS  0|AC  0|TAMS 0x00000006c6f00000, 0x00000006c6f00000|
|  54|0x00000006c7000000, 0x00000006c7000000, 0x00000006c7100000|  0%| F|  |TS  0|AC  0|TAMS 0x00000006c7000000, 0x00000006c7000000|
|  55|0x00000006c7100000, 0x00000006c7100000, 0x00000006c7200000|  0%| F|  |TS  0|AC  0|TAMS 0x00000006c7100000, 0x00000006c7100000|
|  56|0x00000006c7200000, 0x00000006c7200000, 0x00000006c7300000|  0%| F|  |TS  0|AC  0|TAMS 0x00000006c7200000, 0x00000006c7200000|
|  57|0x00000006c7300000, 0x00000006c7300000, 0x00000006c7400000|  0%| F|  |TS  0|AC  0|TAMS 0x00000006c7300000, 0x00000006c7300000|
|  58|0x00000006c7400000, 0x00000006c7400000, 0x00000006c7500000|  0%| F|  |TS  0|AC  0|TAMS 0x00000006c7400000, 0x00000006c7400000|
|  59|0x00000006c7500000, 0x00000006c7500000, 0x00000006c7600000|  0%| F|  |TS  0|AC  0|TAMS 0x00000006c7500000, 0x00000006c7500000|
|  60|0x00000006c7600000, 0x00000006c7600000, 0x00000006c7700000|  0%| F|  |TS  0|AC  0|TAMS 0x00000006c7600000, 0x00000006c7600000|
|  61|0x00000006c7700000, 0x00000006c7700000, 0x00000006c7800000|  0%| F|  |TS  0|AC  0|TAMS 0x00000006c7700000, 0x00000006c7700000|
|  62|0x00000006c7800000, 0x00000006c7800000, 0x00000006c7900000|  0%| F|  |TS  0|AC  0|TAMS 0x00000006c7800000, 0x00000006c7800000|
|  63|0x00000006c7900000, 0x00000006c7900000, 0x00000006c7a00000|  0%| F|  |TS  0|AC  0|TAMS 0x00000006c7900000, 0x00000006c7900000|
|  64|0x00000006c7a00000, 0x00000006c7a00000, 0x00000006c7b00000|  0%| F|  |TS  0|AC  0|TAMS 0x00000006c7a00000, 0x00000006c7a00000|
|  65|0x00000006c7b00000, 0x00000006c7b00000, 0x00000006c7c00000|  0%| F|  |TS  0|AC  0|TAMS 0x00000006c7b00000, 0x00000006c7b00000|
|  66|0x00000006c7c00000, 0x00000006c7c00000, 0x00000006c7d00000|  0%| F|  |TS  0|AC  0|TAMS 0x00000006c7c00000, 0x00000006c7c00000|
|  67|0x00000006c7d00000, 0x00000006c7d00000, 0x00000006c7e00000|  0%| F|  |TS  0|AC  0|TAMS 0x00000006c7d00000, 0x00000006c7d00000|
|  68|0x00000006c7e00000, 0x00000006c7e00000, 0x00000006c7f00000|  0%| F|  |TS  0|AC  0|TAMS 0x00000006c7e00000, 0x00000006c7e00000|
|  69|0x00000006c7f00000, 0x00000006c7f00000, 0x00000006c8000000|  0%| F|  |TS  0|AC  0|TAMS 0x00000006c7f00000, 0x00000006c7f00000|
|  70|0x00000006c8000000, 0x00000006c8000000, 0x00000006c8100000|  0%| F|  |TS  0|AC  0|TAMS 0x00000006c8000000, 0x00000006c8000000|
|  71|0x00000006c8100000, 0x00000006c8100000, 0x00000006c8200000|  0%| F|  |TS  0|AC  0|TAMS 0x00000006c8100000, 0x00000006c8100000|
|  72|0x00000006c8200000, 0x00000006c8200000, 0x00000006c8300000|  0%| F|  |TS  0|AC  0|TAMS 0x00000006c8200000, 0x00000006c8200000|
|  73|0x00000006c8300000, 0x00000006c8300000, 0x00000006c8400000|  0%| F|  |TS  0|AC  0|TAMS 0x00000006c8300000, 0x00000006c8300000|
|  74|0x00000006c8400000, 0x00000006c8400000, 0x00000006c8500000|  0%| F|  |TS  0|AC  0|TAMS 0x00000006c8400000, 0x00000006c8400000|
|  75|0x00000006c8500000, 0x00000006c8500000, 0x00000006c8600000|  0%| F|  |TS  0|AC  0|TAMS 0x00000006c8500000, 0x00000006c8500000|
|  76|0x00000006c8600000, 0x00000006c8600000, 0x00000006c8700000|  0%| F|  |TS  0|AC  0|TAMS 0x00000006c8600000, 0x00000006c8600000|
|  77|0x00000006c8700000, 0x00000006c8700000, 0x00000006c8800000|  0%| F|  |TS  0|AC  0|TAMS 0x00000006c8700000, 0x00000006c8700000|
|  78|0x00000006c8800000, 0x00000006c8800000, 0x00000006c8900000|  0%| F|  |TS  0|AC  0|TAMS 0x00000006c8800000, 0x00000006c8800000|
|  79|0x00000006c8900000, 0x00000006c8900000, 0x00000006c8a00000|  0%| F|  |TS  0|AC  0|TAMS 0x00000006c8900000, 0x00000006c8900000|
|  80|0x00000006c8a00000, 0x00000006c8a00000, 0x00000006c8b00000|  0%| F|  |TS  0|AC  0|TAMS 0x00000006c8a00000, 0x00000006c8a00000|
|  81|0x00000006c8b00000, 0x00000006c8b00000, 0x00000006c8c00000|  0%| F|  |TS  0|AC  0|TAMS 0x00000006c8b00000, 0x00000006c8b00000|
|  82|0x00000006c8c00000, 0x00000006c8c00000, 0x00000006c8d00000|  0%| F|  |TS  0|AC  0|TAMS 0x00000006c8c00000, 0x00000006c8c00000|
|  83|0x00000006c8d00000, 0x00000006c8d00000, 0x00000006c8e00000|  0%| F|  |TS  0|AC  0|TAMS 0x00000006c8d00000, 0x00000006c8d00000|
|  84|0x00000006c8e00000, 0x00000006c8e00000, 0x00000006c8f00000|  0%| F|  |TS  0|AC  0|TAMS 0x00000006c8e00000, 0x00000006c8e00000|
|  85|0x00000006c8f00000, 0x00000006c8f00000, 0x00000006c9000000|  0%| F|  |TS  0|AC  0|TAMS 0x00000006c8f00000, 0x00000006c8f00000|
|  86|0x00000006c9000000, 0x00000006c9000000, 0x00000006c9100000|  0%| F|  |TS  0|AC  0|TAMS 0x00000006c9000000, 0x00000006c9000000|
|  87|0x00000006c9100000, 0x00000006c9100000, 0x00000006c9200000|  0%| F|  |TS  0|AC  0|TAMS 0x00000006c9100000, 0x00000006c9100000|
|  88|0x00000006c9200000, 0x00000006c9200000, 0x00000006c9300000|  0%| F|  |TS  0|AC  0|TAMS 0x00000006c9200000, 0x00000006c9200000|
|  89|0x00000006c9300000, 0x00000006c9300000, 0x00000006c9400000|  0%| F|  |TS  0|AC  0|TAMS 0x00000006c9300000, 0x00000006c9300000|
|  90|0x00000006c9400000, 0x00000006c9400000, 0x00000006c9500000|  0%| F|  |TS  0|AC  0|TAMS 0x00000006c9400000, 0x00000006c9400000|
|  91|0x00000006c9500000, 0x00000006c9500000, 0x00000006c9600000|  0%| F|  |TS  0|AC  0|TAMS 0x00000006c9500000, 0x00000006c9500000|
|  92|0x00000006c9600000, 0x00000006c9600000, 0x00000006c9700000|  0%| F|  |TS  0|AC  0|TAMS 0x00000006c9600000, 0x00000006c9600000|
|  93|0x00000006c9700000, 0x00000006c9700000, 0x00000006c9800000|  0%| F|  |TS  0|AC  0|TAMS 0x00000006c9700000, 0x00000006c9700000|
|  94|0x00000006c9800000, 0x00000006c9800000, 0x00000006c9900000|  0%| F|  |TS  0|AC  0|TAMS 0x00000006c9800000, 0x00000006c9800000|
|  95|0x00000006c9900000, 0x00000006c9900000, 0x00000006c9a00000|  0%| F|  |TS  0|AC  0|TAMS 0x00000006c9900000, 0x00000006c9900000|
|  96|0x00000006c9a00000, 0x00000006c9a00000, 0x00000006c9b00000|  0%| F|  |TS  0|AC  0|TAMS 0x00000006c9a00000, 0x00000006c9a00000|
|  97|0x00000006c9b00000, 0x00000006c9b00000, 0x00000006c9c00000|  0%| F|  |TS  0|AC  0|TAMS 0x00000006c9b00000, 0x00000006c9b00000|
|  98|0x00000006c9c00000, 0x00000006c9c00000, 0x00000006c9d00000|  0%| F|  |TS  0|AC  0|TAMS 0x00000006c9c00000, 0x00000006c9c00000|
|  99|0x00000006c9d00000, 0x00000006c9d00000, 0x00000006c9e00000|  0%| F|  |TS  0|AC  0|TAMS 0x00000006c9d00000, 0x00000006c9d00000|
| 100|0x00000006c9e00000, 0x00000006c9e00000, 0x00000006c9f00000|  0%| F|  |TS 29|AC  0|TAMS 0x00000006c9e00000, 0x00000006c9e00000|
| 101|0x00000006c9f00000, 0x00000006c9f00000, 0x00000006ca000000|  0%| F|  |TS 33|AC  0|TAMS 0x00000006c9f00000, 0x00000006c9f00000|
| 102|0x00000006ca000000, 0x00000006ca002950, 0x00000006ca100000|  1%| S|CS|TS 33|AC  0|TAMS 0x00000006ca000000, 0x00000006ca000000|
| 103|0x00000006ca100000, 0x00000006ca100000, 0x00000006ca200000|  0%| F|  |TS 33|AC  0|TAMS 0x00000006ca100000, 0x00000006ca100000|
| 104|0x00000006ca200000, 0x00000006ca200000, 0x00000006ca300000|  0%| F|  |TS 33|AC  0|TAMS 0x00000006ca200000, 0x00000006ca200000|
| 105|0x00000006ca300000, 0x00000006ca300000, 0x00000006ca400000|  0%| F|  |TS 33|AC  0|TAMS 0x00000006ca300000, 0x00000006ca300000|
| 106|0x00000006ca400000, 0x00000006ca400000, 0x00000006ca500000|  0%| F|  |TS 33|AC  0|TAMS 0x00000006ca400000, 0x00000006ca400000|
| 107|0x00000006ca500000, 0x00000006ca500000, 0x00000006ca600000|  0%| F|  |TS 33|AC  0|TAMS 0x00000006ca500000, 0x00000006ca500000|
| 108|0x00000006ca600000, 0x00000006ca600000, 0x00000006ca700000|  0%| F|  |TS 33|AC  0|TAMS 0x00000006ca600000, 0x00000006ca600000|
| 109|0x00000006ca700000, 0x00000006ca700000, 0x00000006ca800000|  0%| F|  |TS 33|AC  0|TAMS 0x00000006ca700000, 0x00000006ca700000|
| 110|0x00000006ca800000, 0x00000006ca800000, 0x00000006ca900000|  0%| F|  |TS 33|AC  0|TAMS 0x00000006ca800000, 0x00000006ca800000|
| 111|0x00000006ca900000, 0x00000006ca900000, 0x00000006caa00000|  0%| F|  |TS 33|AC  0|TAMS 0x00000006ca900000, 0x00000006ca900000|
| 112|0x00000006caa00000, 0x00000006caa00000, 0x00000006cab00000|  0%| F|  |TS 33|AC  0|TAMS 0x00000006caa00000, 0x00000006caa00000|
| 113|0x00000006cab00000, 0x00000006cab00000, 0x00000006cac00000|  0%| F|  |TS 33|AC  0|TAMS 0x00000006cab00000, 0x00000006cab00000|
| 114|0x00000006cac00000, 0x00000006cac00000, 0x00000006cad00000|  0%| F|  |TS 33|AC  0|TAMS 0x00000006cac00000, 0x00000006cac00000|
| 115|0x00000006cad00000, 0x00000006cad00000, 0x00000006cae00000|  0%| F|  |TS 33|AC  0|TAMS 0x00000006cad00000, 0x00000006cad00000|
| 116|0x00000006cae00000, 0x00000006cae00000, 0x00000006caf00000|  0%| F|  |TS 33|AC  0|TAMS 0x00000006cae00000, 0x00000006cae00000|
| 117|0x00000006caf00000, 0x00000006caf00000, 0x00000006cb000000|  0%| F|  |TS 33|AC  0|TAMS 0x00000006caf00000, 0x00000006caf00000|
| 118|0x00000006cb000000, 0x00000006cb000000, 0x00000006cb100000|  0%| F|  |TS 33|AC  0|TAMS 0x00000006cb000000, 0x00000006cb000000|
| 119|0x00000006cb100000, 0x00000006cb100000, 0x00000006cb200000|  0%| F|  |TS 33|AC  0|TAMS 0x00000006cb100000, 0x00000006cb100000|
| 120|0x00000006cb200000, 0x00000006cb200000, 0x00000006cb300000|  0%| F|  |TS 33|AC  0|TAMS 0x00000006cb200000, 0x00000006cb200000|
| 121|0x00000006cb300000, 0x00000006cb300000, 0x00000006cb400000|  0%| F|  |TS 33|AC  0|TAMS 0x00000006cb300000, 0x00000006cb300000|
| 122|0x00000006cb400000, 0x00000006cb400000, 0x00000006cb500000|  0%| F|  |TS 33|AC  0|TAMS 0x00000006cb400000, 0x00000006cb400000|
| 123|0x00000006cb500000, 0x00000006cb500000, 0x00000006cb600000|  0%| F|  |TS 33|AC  0|TAMS 0x00000006cb500000, 0x00000006cb500000|
| 124|0x00000006cb600000, 0x00000006cb600000, 0x00000006cb700000|  0%| F|  |TS 33|AC  0|TAMS 0x00000006cb600000, 0x00000006cb600000|
| 125|0x00000006cb700000, 0x00000006cb700000, 0x00000006cb800000|  0%| F|  |TS 33|AC  0|TAMS 0x00000006cb700000, 0x00000006cb700000|
| 126|0x00000006cb800000, 0x00000006cb800000, 0x00000006cb900000|  0%| F|  |TS 33|AC  0|TAMS 0x00000006cb800000, 0x00000006cb800000|
| 127|0x00000006cb900000, 0x00000006cb900000, 0x00000006cba00000|  0%| F|  |TS 33|AC  0|TAMS 0x00000006cb900000, 0x00000006cb900000|
| 128|0x00000006cba00000, 0x00000006cba00000, 0x00000006cbb00000|  0%| F|  |TS 33|AC  0|TAMS 0x00000006cba00000, 0x00000006cba00000|
| 129|0x00000006cbb00000, 0x00000006cbb00000, 0x00000006cbc00000|  0%| F|  |TS 33|AC  0|TAMS 0x00000006cbb00000, 0x00000006cbb00000|
| 130|0x00000006cbc00000, 0x00000006cbc00000, 0x00000006cbd00000|  0%| F|  |TS 33|AC  0|TAMS 0x00000006cbc00000, 0x00000006cbc00000|
| 131|0x00000006cbd00000, 0x00000006cbd00000, 0x00000006cbe00000|  0%| F|  |TS 33|AC  0|TAMS 0x00000006cbd00000, 0x00000006cbd00000|
| 132|0x00000006cbe00000, 0x00000006cbe00000, 0x00000006cbf00000|  0%| F|  |TS 33|AC  0|TAMS 0x00000006cbe00000, 0x00000006cbe00000|
| 133|0x00000006cbf00000, 0x00000006cbf00000, 0x00000006cc000000|  0%| F|  |TS 33|AC  0|TAMS 0x00000006cbf00000, 0x00000006cbf00000|
| 134|0x00000006cc000000, 0x00000006cc000000, 0x00000006cc100000|  0%| F|  |TS 33|AC  0|TAMS 0x00000006cc000000, 0x00000006cc000000|
| 135|0x00000006cc100000, 0x00000006cc100000, 0x00000006cc200000|  0%| F|  |TS 33|AC  0|TAMS 0x00000006cc100000, 0x00000006cc100000|
| 136|0x00000006cc200000, 0x00000006cc200000, 0x00000006cc300000|  0%| F|  |TS 33|AC  0|TAMS 0x00000006cc200000, 0x00000006cc200000|
| 137|0x00000006cc300000, 0x00000006cc300000, 0x00000006cc400000|  0%| F|  |TS 33|AC  0|TAMS 0x00000006cc300000, 0x00000006cc300000|
| 138|0x00000006cc400000, 0x00000006cc400000, 0x00000006cc500000|  0%| F|  |TS 33|AC  0|TAMS 0x00000006cc400000, 0x00000006cc400000|
| 139|0x00000006cc500000, 0x00000006cc500000, 0x00000006cc600000|  0%| F|  |TS 33|AC  0|TAMS 0x00000006cc500000, 0x00000006cc500000|
| 140|0x00000006cc600000, 0x00000006cc600000, 0x00000006cc700000|  0%| F|  |TS 33|AC  0|TAMS 0x00000006cc600000, 0x00000006cc600000|
| 141|0x00000006cc700000, 0x00000006cc700000, 0x00000006cc800000|  0%| F|  |TS 33|AC  0|TAMS 0x00000006cc700000, 0x00000006cc700000|
| 142|0x00000006cc800000, 0x00000006cc800000, 0x00000006cc900000|  0%| F|  |TS 33|AC  0|TAMS 0x00000006cc800000, 0x00000006cc800000|
| 143|0x00000006cc900000, 0x00000006cc900000, 0x00000006cca00000|  0%| F|  |TS 33|AC  0|TAMS 0x00000006cc900000, 0x00000006cc900000|
| 144|0x00000006cca00000, 0x00000006cca00000, 0x00000006ccb00000|  0%| F|  |TS 33|AC  0|TAMS 0x00000006cca00000, 0x00000006cca00000|
| 145|0x00000006ccb00000, 0x00000006ccb00000, 0x00000006ccc00000|  0%| F|  |TS 33|AC  0|TAMS 0x00000006ccb00000, 0x00000006ccb00000|
| 146|0x00000006ccc00000, 0x00000006ccc00000, 0x00000006ccd00000|  0%| F|  |TS 33|AC  0|TAMS 0x00000006ccc00000, 0x00000006ccc00000|
| 147|0x00000006ccd00000, 0x00000006ccd00000, 0x00000006cce00000|  0%| F|  |TS 33|AC  0|TAMS 0x00000006ccd00000, 0x00000006ccd00000|
| 148|0x00000006cce00000, 0x00000006cce00000, 0x00000006ccf00000|  0%| F|  |TS 33|AC  0|TAMS 0x00000006cce00000, 0x00000006cce00000|
| 149|0x00000006ccf00000, 0x00000006ccf00000, 0x00000006cd000000|  0%| F|  |TS 33|AC  0|TAMS 0x00000006ccf00000, 0x00000006ccf00000|
| 150|0x00000006cd000000, 0x00000006cd000000, 0x00000006cd100000|  0%| F|  |TS 33|AC  0|TAMS 0x00000006cd000000, 0x00000006cd000000|
| 151|0x00000006cd100000, 0x00000006cd100000, 0x00000006cd200000|  0%| F|  |TS 33|AC  0|TAMS 0x00000006cd100000, 0x00000006cd100000|
| 152|0x00000006cd200000, 0x00000006cd200000, 0x00000006cd300000|  0%| F|  |TS 33|AC  0|TAMS 0x00000006cd200000, 0x00000006cd200000|
| 153|0x00000006cd300000, 0x00000006cd300000, 0x00000006cd400000|  0%| F|  |TS 33|AC  0|TAMS 0x00000006cd300000, 0x00000006cd300000|
| 154|0x00000006cd400000, 0x00000006cd400000, 0x00000006cd500000|  0%| F|  |TS 33|AC  0|TAMS 0x00000006cd400000, 0x00000006cd400000|
| 155|0x00000006cd500000, 0x00000006cd500000, 0x00000006cd600000|  0%| F|  |TS 33|AC  0|TAMS 0x00000006cd500000, 0x00000006cd500000|
| 156|0x00000006cd600000, 0x00000006cd600000, 0x00000006cd700000|  0%| F|  |TS 33|AC  0|TAMS 0x00000006cd600000, 0x00000006cd600000|
| 157|0x00000006cd700000, 0x00000006cd700000, 0x00000006cd800000|  0%| F|  |TS 33|AC  0|TAMS 0x00000006cd700000, 0x00000006cd700000|
| 158|0x00000006cd800000, 0x00000006cd800000, 0x00000006cd900000|  0%| F|  |TS 33|AC  0|TAMS 0x00000006cd800000, 0x00000006cd800000|
| 159|0x00000006cd900000, 0x00000006cd900000, 0x00000006cda00000|  0%| F|  |TS 33|AC  0|TAMS 0x00000006cd900000, 0x00000006cd900000|
| 160|0x00000006cda00000, 0x00000006cda00000, 0x00000006cdb00000|  0%| F|  |TS 33|AC  0|TAMS 0x00000006cda00000, 0x00000006cda00000|
| 161|0x00000006cdb00000, 0x00000006cdb00000, 0x00000006cdc00000|  0%| F|  |TS 33|AC  0|TAMS 0x00000006cdb00000, 0x00000006cdb00000|
| 162|0x00000006cdc00000, 0x00000006cdc80800, 0x00000006cdd00000| 50%| E|  |TS 33|AC  0|TAMS 0x00000006cdc00000, 0x00000006cdc00000|
| 163|0x00000006cdd00000, 0x00000006cde00000, 0x00000006cde00000|100%| E|CS|TS 33|AC  0|TAMS 0x00000006cdd00000, 0x00000006cdd00000|
| 164|0x00000006cde00000, 0x00000006cdf00000, 0x00000006cdf00000|100%| E|CS|TS 33|AC  0|TAMS 0x00000006cde00000, 0x00000006cde00000|
| 165|0x00000006cdf00000, 0x00000006ce000000, 0x00000006ce000000|100%| E|CS|TS 33|AC  0|TAMS 0x00000006cdf00000, 0x00000006cdf00000|
| 166|0x00000006ce000000, 0x00000006ce100000, 0x00000006ce100000|100%| E|CS|TS 33|AC  0|TAMS 0x00000006ce000000, 0x00000006ce000000|
| 167|0x00000006ce100000, 0x00000006ce200000, 0x00000006ce200000|100%| E|CS|TS 33|AC  0|TAMS 0x00000006ce100000, 0x00000006ce100000|
| 168|0x00000006ce200000, 0x00000006ce300000, 0x00000006ce300000|100%| E|CS|TS 33|AC  0|TAMS 0x00000006ce200000, 0x00000006ce200000|
| 169|0x00000006ce300000, 0x00000006ce400000, 0x00000006ce400000|100%| E|CS|TS 33|AC  0|TAMS 0x00000006ce300000, 0x00000006ce300000|
| 170|0x00000006ce400000, 0x00000006ce500000, 0x00000006ce500000|100%| E|CS|TS 33|AC  0|TAMS 0x00000006ce400000, 0x00000006ce400000|
| 171|0x00000006ce500000, 0x00000006ce600000, 0x00000006ce600000|100%| E|CS|TS 33|AC  0|TAMS 0x00000006ce500000, 0x00000006ce500000|
| 172|0x00000006ce600000, 0x00000006ce700000, 0x00000006ce700000|100%| E|CS|TS 33|AC  0|TAMS 0x00000006ce600000, 0x00000006ce600000|
| 173|0x00000006ce700000, 0x00000006ce800000, 0x00000006ce800000|100%| E|CS|TS 33|AC  0|TAMS 0x00000006ce700000, 0x00000006ce700000|
| 174|0x00000006ce800000, 0x00000006ce900000, 0x00000006ce900000|100%| E|CS|TS 33|AC  0|TAMS 0x00000006ce800000, 0x00000006ce800000|
| 175|0x00000006ce900000, 0x00000006cea00000, 0x00000006cea00000|100%| E|CS|TS 33|AC  0|TAMS 0x00000006ce900000, 0x00000006ce900000|
| 176|0x00000006cea00000, 0x00000006ceb00000, 0x00000006ceb00000|100%| E|CS|TS 33|AC  0|TAMS 0x00000006cea00000, 0x00000006cea00000|
| 177|0x00000006ceb00000, 0x00000006cec00000, 0x00000006cec00000|100%| E|CS|TS 33|AC  0|TAMS 0x00000006ceb00000, 0x00000006ceb00000|
| 178|0x00000006cec00000, 0x00000006ced00000, 0x00000006ced00000|100%| E|CS|TS 33|AC  0|TAMS 0x00000006cec00000, 0x00000006cec00000|
| 179|0x00000006ced00000, 0x00000006cee00000, 0x00000006cee00000|100%| E|CS|TS 33|AC  0|TAMS 0x00000006ced00000, 0x00000006ced00000|
| 180|0x00000006cee00000, 0x00000006cef00000, 0x00000006cef00000|100%| E|CS|TS 33|AC  0|TAMS 0x00000006cee00000, 0x00000006cee00000|
| 181|0x00000006cef00000, 0x00000006cf000000, 0x00000006cf000000|100%| E|CS|TS 33|AC  0|TAMS 0x00000006cef00000, 0x00000006cef00000|
| 182|0x00000006cf000000, 0x00000006cf100000, 0x00000006cf100000|100%| E|CS|TS 33|AC  0|TAMS 0x00000006cf000000, 0x00000006cf000000|
| 183|0x00000006cf100000, 0x00000006cf200000, 0x00000006cf200000|100%| E|CS|TS 33|AC  0|TAMS 0x00000006cf100000, 0x00000006cf100000|
| 184|0x00000006cf200000, 0x00000006cf300000, 0x00000006cf300000|100%| E|CS|TS 33|AC  0|TAMS 0x00000006cf200000, 0x00000006cf200000|
| 185|0x00000006cf300000, 0x00000006cf400000, 0x00000006cf400000|100%| E|CS|TS 33|AC  0|TAMS 0x00000006cf300000, 0x00000006cf300000|
| 186|0x00000006cf400000, 0x00000006cf500000, 0x00000006cf500000|100%| E|CS|TS 33|AC  0|TAMS 0x00000006cf400000, 0x00000006cf400000|
| 187|0x00000006cf500000, 0x00000006cf600000, 0x00000006cf600000|100%| E|CS|TS 33|AC  0|TAMS 0x00000006cf500000, 0x00000006cf500000|
| 188|0x00000006cf600000, 0x00000006cf700000, 0x00000006cf700000|100%| E|CS|TS 33|AC  0|TAMS 0x00000006cf600000, 0x00000006cf600000|
| 189|0x00000006cf700000, 0x00000006cf800000, 0x00000006cf800000|100%| E|CS|TS 33|AC  0|TAMS 0x00000006cf700000, 0x00000006cf700000|
| 190|0x00000006cf800000, 0x00000006cf900000, 0x00000006cf900000|100%| E|CS|TS 33|AC  0|TAMS 0x00000006cf800000, 0x00000006cf800000|
| 191|0x00000006cf900000, 0x00000006cfa00000, 0x00000006cfa00000|100%| E|CS|TS 33|AC  0|TAMS 0x00000006cf900000, 0x00000006cf900000|
| 192|0x00000006cfa00000, 0x00000006cfb00000, 0x00000006cfb00000|100%| E|CS|TS 33|AC  0|TAMS 0x00000006cfa00000, 0x00000006cfa00000|
| 193|0x00000006cfb00000, 0x00000006cfc00000, 0x00000006cfc00000|100%| E|CS|TS 33|AC  0|TAMS 0x00000006cfb00000, 0x00000006cfb00000|
| 194|0x00000006cfc00000, 0x00000006cfd00000, 0x00000006cfd00000|100%| E|CS|TS 33|AC  0|TAMS 0x00000006cfc00000, 0x00000006cfc00000|
| 195|0x00000006cfd00000, 0x00000006cfe00000, 0x00000006cfe00000|100%| E|CS|TS 33|AC  0|TAMS 0x00000006cfd00000, 0x00000006cfd00000|
| 196|0x00000006cfe00000, 0x00000006cff00000, 0x00000006cff00000|100%| E|CS|TS 33|AC  0|TAMS 0x00000006cfe00000, 0x00000006cfe00000|
| 197|0x00000006cff00000, 0x00000006d0000000, 0x00000006d0000000|100%| E|CS|TS 33|AC  0|TAMS 0x00000006cff00000, 0x00000006cff00000|
| 198|0x00000006d0000000, 0x00000006d0100000, 0x00000006d0100000|100%| E|CS|TS 33|AC  0|TAMS 0x00000006d0000000, 0x00000006d0000000|
| 199|0x00000006d0100000, 0x00000006d0200000, 0x00000006d0200000|100%| E|CS|TS 33|AC  0|TAMS 0x00000006d0100000, 0x00000006d0100000|
| 200|0x00000006d0200000, 0x00000006d0300000, 0x00000006d0300000|100%| E|CS|TS 33|AC  0|TAMS 0x00000006d0200000, 0x00000006d0200000|
| 201|0x00000006d0300000, 0x00000006d0400000, 0x00000006d0400000|100%| E|CS|TS 33|AC  0|TAMS 0x00000006d0300000, 0x00000006d0300000|
| 202|0x00000006d0400000, 0x00000006d0500000, 0x00000006d0500000|100%| E|CS|TS 33|AC  0|TAMS 0x00000006d0400000, 0x00000006d0400000|
| 203|0x00000006d0500000, 0x00000006d0600000, 0x00000006d0600000|100%| E|CS|TS 33|AC  0|TAMS 0x00000006d0500000, 0x00000006d0500000|
| 204|0x00000006d0600000, 0x00000006d0700000, 0x00000006d0700000|100%| E|CS|TS 33|AC  0|TAMS 0x00000006d0600000, 0x00000006d0600000|
| 205|0x00000006d0700000, 0x00000006d0800000, 0x00000006d0800000|100%| E|CS|TS 33|AC  0|TAMS 0x00000006d0700000, 0x00000006d0700000|
| 206|0x00000006d0800000, 0x00000006d0900000, 0x00000006d0900000|100%| E|CS|TS 33|AC  0|TAMS 0x00000006d0800000, 0x00000006d0800000|
| 207|0x00000006d0900000, 0x00000006d0a00000, 0x00000006d0a00000|100%| E|CS|TS 33|AC  0|TAMS 0x00000006d0900000, 0x00000006d0900000|
| 208|0x00000006d0a00000, 0x00000006d0b00000, 0x00000006d0b00000|100%| E|CS|TS 33|AC  0|TAMS 0x00000006d0a00000, 0x00000006d0a00000|
| 209|0x00000006d0b00000, 0x00000006d0c00000, 0x00000006d0c00000|100%| E|CS|TS 33|AC  0|TAMS 0x00000006d0b00000, 0x00000006d0b00000|
| 210|0x00000006d0c00000, 0x00000006d0d00000, 0x00000006d0d00000|100%| E|CS|TS 33|AC  0|TAMS 0x00000006d0c00000, 0x00000006d0c00000|
| 211|0x00000006d0d00000, 0x00000006d0e00000, 0x00000006d0e00000|100%| E|CS|TS 33|AC  0|TAMS 0x00000006d0d00000, 0x00000006d0d00000|
| 212|0x00000006d0e00000, 0x00000006d0f00000, 0x00000006d0f00000|100%| E|CS|TS 33|AC  0|TAMS 0x00000006d0e00000, 0x00000006d0e00000|
| 213|0x00000006d0f00000, 0x00000006d1000000, 0x00000006d1000000|100%| E|CS|TS 33|AC  0|TAMS 0x00000006d0f00000, 0x00000006d0f00000|
| 214|0x00000006d1000000, 0x00000006d1100000, 0x00000006d1100000|100%| E|CS|TS 33|AC  0|TAMS 0x00000006d1000000, 0x00000006d1000000|
| 215|0x00000006d1100000, 0x00000006d1200000, 0x00000006d1200000|100%| E|CS|TS 33|AC  0|TAMS 0x00000006d1100000, 0x00000006d1100000|
| 216|0x00000006d1200000, 0x00000006d1300000, 0x00000006d1300000|100%| E|CS|TS 33|AC  0|TAMS 0x00000006d1200000, 0x00000006d1200000|
| 217|0x00000006d1300000, 0x00000006d1400000, 0x00000006d1400000|100%| E|CS|TS 33|AC  0|TAMS 0x00000006d1300000, 0x00000006d1300000|
| 218|0x00000006d1400000, 0x00000006d1500000, 0x00000006d1500000|100%| E|CS|TS 33|AC  0|TAMS 0x00000006d1400000, 0x00000006d1400000|
| 219|0x00000006d1500000, 0x00000006d1600000, 0x00000006d1600000|100%| E|CS|TS 33|AC  0|TAMS 0x00000006d1500000, 0x00000006d1500000|
| 220|0x00000006d1600000, 0x00000006d1700000, 0x00000006d1700000|100%| E|CS|TS 33|AC  0|TAMS 0x00000006d1600000, 0x00000006d1600000|
| 221|0x00000006d1700000, 0x00000006d1800000, 0x00000006d1800000|100%| E|CS|TS 33|AC  0|TAMS 0x00000006d1700000, 0x00000006d1700000|
| 222|0x00000006d1800000, 0x00000006d1900000, 0x00000006d1900000|100%| E|CS|TS 33|AC  0|TAMS 0x00000006d1800000, 0x00000006d1800000|
| 223|0x00000006d1900000, 0x00000006d1a00000, 0x00000006d1a00000|100%| E|CS|TS 33|AC  0|TAMS 0x00000006d1900000, 0x00000006d1900000|
| 224|0x00000006d1a00000, 0x00000006d1b00000, 0x00000006d1b00000|100%| E|CS|TS 33|AC  0|TAMS 0x00000006d1a00000, 0x00000006d1a00000|
| 225|0x00000006d1b00000, 0x00000006d1c00000, 0x00000006d1c00000|100%| E|CS|TS 33|AC  0|TAMS 0x00000006d1b00000, 0x00000006d1b00000|
| 226|0x00000006d1c00000, 0x00000006d1d00000, 0x00000006d1d00000|100%| E|CS|TS 33|AC  0|TAMS 0x00000006d1c00000, 0x00000006d1c00000|
| 227|0x00000006d1d00000, 0x00000006d1e00000, 0x00000006d1e00000|100%| E|CS|TS 33|AC  0|TAMS 0x00000006d1d00000, 0x00000006d1d00000|
| 228|0x00000006d1e00000, 0x00000006d1f00000, 0x00000006d1f00000|100%| E|CS|TS 33|AC  0|TAMS 0x00000006d1e00000, 0x00000006d1e00000|
| 229|0x00000006d1f00000, 0x00000006d2000000, 0x00000006d2000000|100%| E|CS|TS 33|AC  0|TAMS 0x00000006d1f00000, 0x00000006d1f00000|
| 230|0x00000006d2000000, 0x00000006d2100000, 0x00000006d2100000|100%| E|CS|TS 33|AC  0|TAMS 0x00000006d2000000, 0x00000006d2000000|
| 231|0x00000006d2100000, 0x00000006d2200000, 0x00000006d2200000|100%| E|CS|TS 33|AC  0|TAMS 0x00000006d2100000, 0x00000006d2100000|
| 232|0x00000006d2200000, 0x00000006d2300000, 0x00000006d2300000|100%| E|CS|TS 33|AC  0|TAMS 0x00000006d2200000, 0x00000006d2200000|
| 233|0x00000006d2300000, 0x00000006d2400000, 0x00000006d2400000|100%| E|CS|TS 33|AC  0|TAMS 0x00000006d2300000, 0x00000006d2300000|
| 234|0x00000006d2400000, 0x00000006d2500000, 0x00000006d2500000|100%| E|CS|TS 33|AC  0|TAMS 0x00000006d2400000, 0x00000006d2400000|
| 235|0x00000006d2500000, 0x00000006d2600000, 0x00000006d2600000|100%| E|CS|TS 33|AC  0|TAMS 0x00000006d2500000, 0x00000006d2500000|
| 236|0x00000006d2600000, 0x00000006d2700000, 0x00000006d2700000|100%| E|CS|TS 33|AC  0|TAMS 0x00000006d2600000, 0x00000006d2600000|
| 237|0x00000006d2700000, 0x00000006d2800000, 0x00000006d2800000|100%| E|CS|TS 33|AC  0|TAMS 0x00000006d2700000, 0x00000006d2700000|
| 238|0x00000006d2800000, 0x00000006d2900000, 0x00000006d2900000|100%| E|CS|TS 33|AC  0|TAMS 0x00000006d2800000, 0x00000006d2800000|
| 239|0x00000006d2900000, 0x00000006d2a00000, 0x00000006d2a00000|100%| E|CS|TS 33|AC  0|TAMS 0x00000006d2900000, 0x00000006d2900000|
| 240|0x00000006d2a00000, 0x00000006d2b00000, 0x00000006d2b00000|100%| E|CS|TS 33|AC  0|TAMS 0x00000006d2a00000, 0x00000006d2a00000|
| 241|0x00000006d2b00000, 0x00000006d2c00000, 0x00000006d2c00000|100%| E|CS|TS 33|AC  0|TAMS 0x00000006d2b00000, 0x00000006d2b00000|
| 242|0x00000006d2c00000, 0x00000006d2d00000, 0x00000006d2d00000|100%| E|CS|TS 33|AC  0|TAMS 0x00000006d2c00000, 0x00000006d2c00000|
| 243|0x00000006d2d00000, 0x00000006d2e00000, 0x00000006d2e00000|100%| E|CS|TS 33|AC  0|TAMS 0x00000006d2d00000, 0x00000006d2d00000|
| 244|0x00000006d2e00000, 0x00000006d2f00000, 0x00000006d2f00000|100%| E|CS|TS 33|AC  0|TAMS 0x00000006d2e00000, 0x00000006d2e00000|
| 245|0x00000006d2f00000, 0x00000006d3000000, 0x00000006d3000000|100%| E|CS|TS 33|AC  0|TAMS 0x00000006d2f00000, 0x00000006d2f00000|
| 246|0x00000006d3000000, 0x00000006d3100000, 0x00000006d3100000|100%| E|CS|TS 33|AC  0|TAMS 0x00000006d3000000, 0x00000006d3000000|
| 247|0x00000006d3100000, 0x00000006d3200000, 0x00000006d3200000|100%| E|CS|TS 33|AC  0|TAMS 0x00000006d3100000, 0x00000006d3100000|
| 248|0x00000006d3200000, 0x00000006d3300000, 0x00000006d3300000|100%| E|CS|TS 33|AC  0|TAMS 0x00000006d3200000, 0x00000006d3200000|
| 249|0x00000006d3300000, 0x00000006d3400000, 0x00000006d3400000|100%| E|CS|TS 33|AC  0|TAMS 0x00000006d3300000, 0x00000006d3300000|
| 250|0x00000006d3400000, 0x00000006d3500000, 0x00000006d3500000|100%| E|CS|TS 33|AC  0|TAMS 0x00000006d3400000, 0x00000006d3400000|
| 251|0x00000006d3500000, 0x00000006d3600000, 0x00000006d3600000|100%| E|CS|TS 33|AC  0|TAMS 0x00000006d3500000, 0x00000006d3500000|
| 252|0x00000006d3600000, 0x00000006d3700000, 0x00000006d3700000|100%| E|CS|TS 33|AC  0|TAMS 0x00000006d3600000, 0x00000006d3600000|
| 253|0x00000006d3700000, 0x00000006d3800000, 0x00000006d3800000|100%| E|CS|TS 33|AC  0|TAMS 0x00000006d3700000, 0x00000006d3700000|

Card table byte_map: [0x000001f5409e0000,0x000001f5411d0000] byte_map_base: 0x000001f53d3c3000

Marking Bits (Prev, Next): (CMBitMap*) 0x000001f5239ae550, (CMBitMap*) 0x000001f5239ae588
 Prev Bits: [0x000001f5419c0000, 0x000001f5458d8000)
 Next Bits: [0x000001f5458e0000, 0x000001f5497f8000)

Polling page: 0x000001f523b80000

CodeHeap 'non-profiled nmethods': size=119168Kb used=341Kb max_used=341Kb free=118826Kb
 bounds [0x000001f537590000, 0x000001f537800000, 0x000001f53e9f0000]
CodeHeap 'profiled nmethods': size=119168Kb used=1433Kb max_used=1433Kb free=117734Kb
 bounds [0x000001f530130000, 0x000001f5303a0000, 0x000001f537590000]
CodeHeap 'non-nmethods': size=7424Kb used=2911Kb max_used=2940Kb free=4512Kb
 bounds [0x000001f52f9f0000, 0x000001f52fce0000, 0x000001f530130000]
 total_blobs=1411 nmethods=776 adapters=287
 compilation: enabled

Compilation events (10 events):
Event: 1.093 Thread 0x000001f54d25e000 nmethod 757 0x000001f5375dfd90 code [0x000001f5375dff80, 0x000001f5375e0d98]
Event: 1.097 Thread 0x000001f54d245000  773   !   4       java.io.BufferedWriter::flushBuffer (53 bytes)
Event: 1.098 Thread 0x000001f54c9ce000  774       4       java.io.OutputStreamWriter::write (11 bytes)
Event: 1.098 Thread 0x000001f54d245000 nmethod 773 0x000001f5375e1310 code [0x000001f5375e14c0, 0x000001f5375e18e8]
Event: 1.098 Thread 0x000001f54c9ce000 nmethod 774 0x000001f5375e1b10 code [0x000001f5375e1ca0, 0x000001f5375e1d48]
Event: 1.456 Thread 0x000001f54d252800  775 %     4       SnakesAndLaddersGame::start @ 24 (360 bytes)
Event: 1.481 Thread 0x000001f54d252800 nmethod 775% 0x000001f5375e1e10 code [0x000001f5375e20c0, 0x000001f5375e3c80]
Event: 69.883 Thread 0x000001f54d273800  776       3       java.lang.Throwable::<init> (34 bytes)
Event: 69.883 Thread 0x000001f54d2b3800  777  s    3       java.lang.Throwable::fillInStackTrace (29 bytes)
Event: 69.884 Thread 0x000001f54d2b2000  779       3       java.lang.Exception::<init> (6 bytes)

GC Heap History (10 events):
Event: 50.234 GC heap before
{Heap before GC invocations=12 (full 0):
 garbage-first heap   total 260096K, used 155562K [0x00000006c3a00000, 0x00000006c3b007f0, 0x00000007c0000000)
  region size 1024K, 152 young (155648K), 2 survivors (2048K)
 Metaspace       used 8109K, capacity 8496K, committed 8576K, reserved 1056768K
  class space    used 739K, capacity 820K, committed 896K, reserved 1048576K
}
Event: 50.236 GC heap after
{Heap after GC invocations=13 (full 0):
 garbage-first heap   total 260096K, used 1967K [0x00000006c3a00000, 0x00000006c3b007f0, 0x00000007c0000000)
  region size 1024K, 2 young (2048K), 2 survivors (2048K)
 Metaspace       used 8109K, capacity 8496K, committed 8576K, reserved 1056768K
  class space    used 739K, capacity 820K, committed 896K, reserved 1048576K
}
Event: 54.469 GC heap before
{Heap before GC invocations=13 (full 0):
 garbage-first heap   total 260096K, used 155567K [0x00000006c3a00000, 0x00000006c3b007f0, 0x00000007c0000000)
  region size 1024K, 152 young (155648K), 2 survivors (2048K)
 Metaspace       used 8109K, capacity 8496K, committed 8576K, reserved 1056768K
  class space    used 739K, capacity 820K, committed 896K, reserved 1048576K
}
Event: 54.471 GC heap after
{Heap after GC invocations=14 (full 0):
 garbage-first heap   total 260096K, used 1998K [0x00000006c3a00000, 0x00000006c3b007f0, 0x00000007c0000000)
  region size 1024K, 2 young (2048K), 2 survivors (2048K)
 Metaspace       used 8109K, capacity 8496K, committed 8576K, reserved 1056768K
  class space    used 739K, capacity 820K, committed 896K, reserved 1048576K
}
Event: 58.719 GC heap before
{Heap before GC invocations=14 (full 0):
 garbage-first heap   total 260096K, used 155598K [0x00000006c3a00000, 0x00000006c3b007f0, 0x00000007c0000000)
  region size 1024K, 152 young (155648K), 2 survivors (2048K)
 Metaspace       used 8109K, capacity 8496K, committed 8576K, reserved 1056768K
  class space    used 739K, capacity 820K, committed 896K, reserved 1048576K
}
Event: 58.720 GC heap after
{Heap after GC invocations=15 (full 0):
 garbage-first heap   total 260096K, used 2007K [0x00000006c3a00000, 0x00000006c3b007f0, 0x00000007c0000000)
  region size 1024K, 2 young (2048K), 2 survivors (2048K)
 Metaspace       used 8109K, capacity 8496K, committed 8576K, reserved 1056768K
  class space    used 739K, capacity 820K, committed 896K, reserved 1048576K
}
Event: 62.939 GC heap before
{Heap before GC invocations=15 (full 0):
 garbage-first heap   total 260096K, used 155607K [0x00000006c3a00000, 0x00000006c3b007f0, 0x00000007c0000000)
  region size 1024K, 152 young (155648K), 2 survivors (2048K)
 Metaspace       used 8109K, capacity 8496K, committed 8576K, reserved 1056768K
  class space    used 739K, capacity 820K, committed 896K, reserved 1048576K
}
Event: 62.941 GC heap after
{Heap after GC invocations=16 (full 0):
 garbage-first heap   total 260096K, used 1983K [0x00000006c3a00000, 0x00000006c3b007f0, 0x00000007c0000000)
  region size 1024K, 1 young (1024K), 1 survivors (1024K)
 Metaspace       used 8109K, capacity 8496K, committed 8576K, reserved 1056768K
  class space    used 739K, capacity 820K, committed 896K, reserved 1048576K
}
Event: 67.371 GC heap before
{Heap before GC invocations=16 (full 0):
 garbage-first heap   total 260096K, used 156607K [0x00000006c3a00000, 0x00000006c3b007f0, 0x00000007c0000000)
  region size 1024K, 152 young (155648K), 1 survivors (1024K)
 Metaspace       used 8109K, capacity 8496K, committed 8576K, reserved 1056768K
  class space    used 739K, capacity 820K, committed 896K, reserved 1048576K
}
Event: 67.372 GC heap after
{Heap after GC invocations=17 (full 0):
 garbage-first heap   total 260096K, used 1987K [0x00000006c3a00000, 0x00000006c3b007f0, 0x00000007c0000000)
  region size 1024K, 1 young (1024K), 1 survivors (1024K)
 Metaspace       used 8109K, capacity 8496K, committed 8576K, reserved 1056768K
  class space    used 739K, capacity 820K, committed 896K, reserved 1048576K
}

Deoptimization events (10 events):
Event: 0.186 Thread 0x000001f5238f2000 Uncommon trap: reason=class_check action=maybe_recompile pc=0x000001f5375c6b18 method=jdk.internal.misc.Unsafe.allocateUninitializedArray(Ljava/lang/Class;I)Ljava/lang/Object; @ 48 c2
Event: 1.076 Thread 0x000001f54d244000 Uncommon trap: reason=class_check action=maybe_recompile pc=0x000001f5375b9e8c method=java.nio.Buffer.<init>(IIII)V @ 33 c2
Event: 1.082 Thread 0x000001f54d244000 Uncommon trap: reason=class_check action=maybe_recompile pc=0x000001f5375b9e8c method=java.nio.Buffer.<init>(IIII)V @ 33 c2
Event: 1.082 Thread 0x000001f54d244000 Uncommon trap: reason=class_check action=maybe_recompile pc=0x000001f5375b9e8c method=java.nio.Buffer.<init>(IIII)V @ 33 c2
Event: 1.082 Thread 0x000001f54d244000 Uncommon trap: reason=class_check action=maybe_recompile pc=0x000001f5375b9e8c method=java.nio.Buffer.<init>(IIII)V @ 33 c2
Event: 1.084 Thread 0x000001f54d244000 Uncommon trap: reason=unstable_if action=reinterpret pc=0x000001f5375a2ea8 method=java.lang.String.equals(Ljava/lang/Object;)Z @ 27 c2
Event: 1.085 Thread 0x000001f54d244000 Uncommon trap: reason=unstable_if action=reinterpret pc=0x000001f5375db374 method=java.nio.charset.CharsetEncoder.encode(Ljava/nio/CharBuffer;Ljava/nio/ByteBuffer;Z)Ljava/nio/charset/CoderResult; @ 15 c2
Event: 1.085 Thread 0x000001f54d244000 Uncommon trap: reason=class_check action=maybe_recompile pc=0x000001f5375be3c4 method=sun.nio.cs.StreamEncoder.writeBytes()V @ 120 c2
Event: 1.085 Thread 0x000001f54d244000 Uncommon trap: reason=unstable_if action=reinterpret pc=0x000001f5375dcbe4 method=java.nio.charset.CharsetEncoder.encode(Ljava/nio/CharBuffer;Ljava/nio/ByteBuffer;Z)Ljava/nio/charset/CoderResult; @ 15 c2
Event: 1.085 Thread 0x000001f54d244000 Uncommon trap: reason=class_check action=maybe_recompile pc=0x000001f5375be3c4 method=sun.nio.cs.StreamEncoder.writeBytes()V @ 120 c2

Classes redefined (0 events):
No events

Internal exceptions (10 events):
Event: 69.883 Thread 0x000001f5238f2000 Exception <a 'java/io/IOException'{0x00000006cdc19de0}> (0x00000006cdc19de0) thrown at [t:/workspace/hotspot/src/share/vm/prims/jni.cpp, line 604]
Event: 69.883 Thread 0x000001f5238f2000 Exception <a 'java/io/IOException'{0x00000006cdc1a090}> (0x00000006cdc1a090) thrown at [t:/workspace/hotspot/src/share/vm/prims/jni.cpp, line 604]
Event: 69.883 Thread 0x000001f5238f2000 Exception <a 'java/io/IOException'{0x00000006cdc1a398}> (0x00000006cdc1a398) thrown at [t:/workspace/hotspot/src/share/vm/prims/jni.cpp, line 604]
Event: 69.883 Thread 0x000001f5238f2000 Exception <a 'java/io/IOException'{0x00000006cdc1a648}> (0x00000006cdc1a648) thrown at [t:/workspace/hotspot/src/share/vm/prims/jni.cpp, line 604]
Event: 69.883 Thread 0x000001f5238f2000 Exception <a 'java/io/IOException'{0x00000006cdc1a8f8}> (0x00000006cdc1a8f8) thrown at [t:/workspace/hotspot/src/share/vm/prims/jni.cpp, line 604]
Event: 69.884 Thread 0x000001f5238f2000 Exception <a 'java/io/IOException'{0x00000006cdc1aba8}> (0x00000006cdc1aba8) thrown at [t:/workspace/hotspot/src/share/vm/prims/jni.cpp, line 604]
Event: 69.884 Thread 0x000001f5238f2000 Exception <a 'java/io/IOException'{0x00000006cdc1aea0}> (0x00000006cdc1aea0) thrown at [t:/workspace/hotspot/src/share/vm/prims/jni.cpp, line 604]
Event: 69.884 Thread 0x000001f5238f2000 Exception <a 'java/io/IOException'{0x00000006cdc1b150}> (0x00000006cdc1b150) thrown at [t:/workspace/hotspot/src/share/vm/prims/jni.cpp, line 604]
Event: 69.884 Thread 0x000001f5238f2000 Exception <a 'java/io/IOException'{0x00000006cdc1b450}> (0x00000006cdc1b450) thrown at [t:/workspace/hotspot/src/share/vm/prims/jni.cpp, line 604]
Event: 69.884 Thread 0x000001f5238f2000 Exception <a 'java/io/IOException'{0x00000006cdc1b700}> (0x00000006cdc1b700) thrown at [t:/workspace/hotspot/src/share/vm/prims/jni.cpp, line 604]

Events (10 events):
Event: 54.469 Executing VM operation: G1IncCollectionPause
Event: 54.471 Executing VM operation: G1IncCollectionPause done
Event: 58.719 Executing VM operation: G1IncCollectionPause
Event: 58.721 Executing VM operation: G1IncCollectionPause done
Event: 62.939 Executing VM operation: G1IncCollectionPause
Event: 62.941 Executing VM operation: G1IncCollectionPause done
Event: 67.371 Executing VM operation: G1IncCollectionPause
Event: 67.372 Executing VM operation: G1IncCollectionPause done
Event: 69.672 loading class java/io/InterruptedIOException
Event: 69.672 loading class java/io/InterruptedIOException done


Dynamic libraries:
0x00007ff6c4b00000 - 0x00007ff6c4b3e000 	C:\Program Files\Java\jdk-9.0.4\bin\java.exe
0x00007fff84c50000 - 0x00007fff84e45000 	C:\Windows\SYSTEM32\ntdll.dll
0x00007fff84030000 - 0x00007fff840ee000 	C:\Windows\System32\KERNEL32.DLL
0x00007fff825a0000 - 0x00007fff82868000 	C:\Windows\System32\KERNELBASE.dll
0x00007fff82f70000 - 0x00007fff8301e000 	C:\Windows\System32\ADVAPI32.dll
0x00007fff84b70000 - 0x00007fff84c0e000 	C:\Windows\System32\msvcrt.dll
0x00007fff84700000 - 0x00007fff8479c000 	C:\Windows\System32\sechost.dll
0x00007fff84540000 - 0x00007fff84665000 	C:\Windows\System32\RPCRT4.dll
0x00007fff82cb0000 - 0x00007fff82e50000 	C:\Windows\System32\USER32.dll
0x00007fff82980000 - 0x00007fff829a2000 	C:\Windows\System32\win32u.dll
0x00007fff839d0000 - 0x00007fff839fa000 	C:\Windows\System32\GDI32.dll
0x00007fff82870000 - 0x00007fff8297b000 	C:\Windows\System32\gdi32full.dll
0x00007fff829b0000 - 0x00007fff82a4d000 	C:\Windows\System32\msvcp_win.dll
0x00007fff82a50000 - 0x00007fff82b50000 	C:\Windows\System32\ucrtbase.dll
0x00007fff63420000 - 0x00007fff636ba000 	C:\Windows\WinSxS\amd64_microsoft.windows.common-controls_6595b64144ccf1df_6.0.19041.1110_none_60b5254171f9507e\COMCTL32.dll
0x00007fff7ada0000 - 0x00007fff7adaa000 	C:\Windows\SYSTEM32\VERSION.dll
0x00007fff847a0000 - 0x00007fff847d0000 	C:\Windows\System32\IMM32.DLL
0x00007fff60d10000 - 0x00007fff60dff000 	C:\Program Files\Java\jdk-9.0.4\bin\msvcr120.dll
0x00007fff68b50000 - 0x00007fff68bf6000 	C:\Program Files\Java\jdk-9.0.4\bin\msvcp120.dll
0x0000000060cf0000 - 0x0000000061715000 	C:\Program Files\Java\jdk-9.0.4\bin\server\jvm.dll
0x00007fff83a00000 - 0x00007fff83a08000 	C:\Windows\System32\PSAPI.DLL
0x00007fff6d0d0000 - 0x00007fff6d0d9000 	C:\Windows\SYSTEM32\WSOCK32.dll
0x00007fff67fa0000 - 0x00007fff67fc7000 	C:\Windows\SYSTEM32\WINMM.dll
0x00007fff847d0000 - 0x00007fff8483b000 	C:\Windows\System32\WS2_32.dll
0x00007fff7ced0000 - 0x00007fff7cedf000 	C:\Program Files\Java\jdk-9.0.4\bin\verify.dll
0x00007fff7b8e0000 - 0x00007fff7b907000 	C:\Program Files\Java\jdk-9.0.4\bin\java.dll
0x00007fff6cc60000 - 0x00007fff6cc8a000 	C:\Program Files\Java\jdk-9.0.4\bin\instrument.dll
0x00007fff7c1a0000 - 0x00007fff7c1b6000 	C:\Program Files\Java\jdk-9.0.4\bin\zip.dll
0x00007fff7ce60000 - 0x00007fff7ce6a000 	C:\Program Files\Java\jdk-9.0.4\bin\jimage.dll
0x00007fff830a0000 - 0x00007fff837e4000 	C:\Windows\System32\SHELL32.dll
0x00007fff80370000 - 0x00007fff80b04000 	C:\Windows\SYSTEM32\windows.storage.dll
0x00007fff841b0000 - 0x00007fff84504000 	C:\Windows\System32\combase.dll
0x00007fff81de0000 - 0x00007fff81e0c000 	C:\Windows\SYSTEM32\Wldp.dll
0x00007fff83920000 - 0x00007fff839cd000 	C:\Windows\System32\SHCORE.dll
0x00007fff83a70000 - 0x00007fff83ac5000 	C:\Windows\System32\shlwapi.dll
0x00007fff822b0000 - 0x00007fff822cf000 	C:\Windows\SYSTEM32\profapi.dll
0x00007fff7b930000 - 0x00007fff7b94a000 	C:\Program Files\Java\jdk-9.0.4\bin\net.dll
0x00007fff71590000 - 0x00007fff7169a000 	C:\Windows\SYSTEM32\WINHTTP.dll
0x00007fff81b40000 - 0x00007fff81baa000 	C:\Windows\system32\mswsock.dll
0x00007fff7b8c0000 - 0x00007fff7b8d1000 	C:\Program Files\Java\jdk-9.0.4\bin\nio.dll
0x00007fff6ce00000 - 0x00007fff6ce1a000 	D:\IntelliJ IDEA 2021.3.3\bin\breakgen64.dll

VM Arguments:
jvm_args: -javaagent:D:\IntelliJ IDEA 2021.3.3\lib\idea_rt.jar=63057:D:\IntelliJ IDEA 2021.3.3\bin -Dfile.encoding=UTF-8 
java_command: Main
java_class_path (initial): C:\Users\deeth\IdeaProjects\HW_1\out\production\HW_1
Launcher Type: SUN_STANDARD

Logging:
Log output configuration:
#0: stdout all=warning uptime,level,tags
#1: stderr all=off uptime,level,tags

Environment Variables:
PATH=D:\Python\Scripts\;D:\Python\;C:\Program Files\Java\jdk-9.0.4\bin;D:\Git\cmd;C:\Program Files\PuTTY\;C:\Windows\system32;C:\Users\deeth\AppData\Local\Microsoft\WindowsApps;C:\Users\deeth\.dotnet\tools;D:\IntelliJ IDEA 2021.3.3\bin;;D:\PyCharm\bin;;C:\Windows\system32;
USERNAME=deeth
OS=Windows_NT
PROCESSOR_IDENTIFIER=Intel64 Family 6 Model 141 Stepping 1, GenuineIntel



---------------  S Y S T E M  ---------------

OS: Windows 10 , 64 bit Build 19041 (10.0.19041.1645)

CPU:total 16 (initial active 16) (8 cores per cpu, 2 threads per core) family 6 model 141 stepping 1, cmov, cx8, fxsr, mmx, sse, sse2, sse3, ssse3, sse4.1, sse4.2, popcnt, avx, avx2, aes, clmul, erms, 3dnowpref, lzcnt, ht, tsc, tscinvbit, bmi1, bmi2, adx, sha, fma

Memory: 4k page, physical 16538936k(375608k free), swap 29256680k(0k free)

vm_info: Java HotSpot(TM) 64-Bit Server VM (9.0.4+11) for windows-amd64 JRE (9.0.4+11), built on Dec 20 2017 02:18:54 by "mach5one" with MS VC++ 12.0 (VS2013)

END.
